Using pre-set license
Built from '2020.3/staging' branch; Version is '2020.3.4f1 (0abb6314276a) revision 703331'; Using compiler version '192528614'; Build Type 'Release'
OS: 'Windows 10 Home; OS build 19041.1052; Version 2004; 64bit' Language: 'en' Physical Memory: 12228 MB
BatchMode: 1, IsHumanControllingUs: 0, StartBugReporterOnCrash: 0, Is64bit: 1, IsPro: 0

 COMMAND LINE ARGUMENTS:
C:\Program Files\Unity\Hub\Editor\2020.3.4f1\Editor\Unity.exe
-adb2
-batchMode
-noUpm
-name
AssetImportWorker0
-projectPath
C:/Unity Stuffs/Core Pathway Project
-logFile
Logs/AssetImportWorker0.log
-srvPort
51674
Successfully changed project path to: C:/Unity Stuffs/Core Pathway Project
C:/Unity Stuffs/Core Pathway Project
Using Asset Import Pipeline V2.
Refreshing native plugins compatible for Editor in 30.02 ms, found 0 plugins.
Preloading 0 native plugins for Editor in 0.00 ms.
Initialize engine version: 2020.3.4f1 (0abb6314276a)
[Subsystems] Discovering subsystems at path C:/Program Files/Unity/Hub/Editor/2020.3.4f1/Editor/Data/Resources/UnitySubsystems
[Subsystems] Discovering subsystems at path C:/Unity Stuffs/Core Pathway Project/Assets
GfxDevice: creating device client; threaded=0
Direct3D:
    Version:  Direct3D 11.0 [level 11.1]
    Renderer: NVIDIA GeForce GTX 1050 (ID=0x1c81)
    Vendor:   
    VRAM:     1977 MB
    Driver:   26.21.14.4587
Initialize mono
Mono path[0] = 'C:/Program Files/Unity/Hub/Editor/2020.3.4f1/Editor/Data/Managed'
Mono path[1] = 'C:/Program Files/Unity/Hub/Editor/2020.3.4f1/Editor/Data/MonoBleedingEdge/lib/mono/unityjit'
Mono config path = 'C:/Program Files/Unity/Hub/Editor/2020.3.4f1/Editor/Data/MonoBleedingEdge/etc'
Using monoOptions --debugger-agent=transport=dt_socket,embedding=1,server=y,suspend=n,address=127.0.0.1:56180
Begin MonoManager ReloadAssembly
Registering precompiled unity dll's ...
Register platform support module: C:/Program Files/Unity/Hub/Editor/2020.3.4f1/Editor/Data/PlaybackEngines/WebGLSupport/UnityEditor.WebGL.Extensions.dll
Register platform support module: C:/Program Files/Unity/Hub/Editor/2020.3.4f1/Editor/Data/PlaybackEngines/WindowsStandaloneSupport/UnityEditor.WindowsStandalone.Extensions.dll
Registered in 0.003197 seconds.
Native extension for WindowsStandalone target not found
Native extension for WebGL target not found
Refreshing native plugins compatible for Editor in 31.28 ms, found 0 plugins.
Preloading 0 native plugins for Editor in 0.00 ms.
Mono: successfully reloaded assembly
- Completed reload, in  2.277 seconds
Platform modules already initialized, skipping
Registering precompiled user dll's ...
Registered in 0.000906 seconds.
Begin MonoManager ReloadAssembly
Native extension for WindowsStandalone target not found
Native extension for WebGL target not found
Refreshing native plugins compatible for Editor in 0.18 ms, found 0 plugins.
Preloading 0 native plugins for Editor in 0.00 ms.
Mono: successfully reloaded assembly
- Completed reload, in  0.865 seconds
Platform modules already initialized, skipping
========================================================================
Worker process is ready to serve import requests
Launched and connected shader compiler UnityShaderCompiler.exe after 0.06 seconds
Refreshing native plugins compatible for Editor in 0.32 ms, found 0 plugins.
Preloading 0 native plugins for Editor in 0.00 ms.
Unloading 1121 Unused Serialized files (Serialized files now loaded: 0)
System memory in use before: 57.2 MB.
System memory in use after: 57.3 MB.

Unloading 10 unused Assets to reduce memory usage. Loaded Objects now: 1563.
Total: 1.888300 ms (FindLiveObjects: 0.291300 ms CreateObjectMapping: 0.086500 ms MarkObjects: 1.415600 ms  DeleteObjects: 0.093600 ms)

========================================================================
Received Import Request.
  path: Assets/Scripts/CameraManager.cs
  artifactKey: Guid(c5fcfdd5acb09144eb285e9f14f0b6b6) Importer(815301076,1909f56bfc062723c751e8b465ee728b)
Start importing Assets/Scripts/CameraManager.cs using Guid(c5fcfdd5acb09144eb285e9f14f0b6b6) Importer(815301076,1909f56bfc062723c751e8b465ee728b)  -> (artifact id: 'f6bc30a657277ac5e0a57e7d362a6a11') in 0.048583 seconds
  Import took 0.050366 seconds .

========================================================================
Received Import Request.
  Time since last request: 0.449607 seconds.
  path: Assets/Scripts/CameraController.cs
  artifactKey: Guid(e3ef2196de75d534bb08b9ac8071f2ef) Importer(815301076,1909f56bfc062723c751e8b465ee728b)
Start importing Assets/Scripts/CameraController.cs using Guid(e3ef2196de75d534bb08b9ac8071f2ef) Importer(815301076,1909f56bfc062723c751e8b465ee728b)  -> (artifact id: '28c8e86715310aac1097cdf9eebbcde4') in 0.010105 seconds
  Import took 0.012708 seconds .

========================================================================
Received Import Request.
  Time since last request: 0.035923 seconds.
  path: Assets/Scripts/CameraController.cs
  artifactKey: Guid(e3ef2196de75d534bb08b9ac8071f2ef) Importer(815301076,1909f56bfc062723c751e8b465ee728b)
Start importing Assets/Scripts/CameraController.cs using Guid(e3ef2196de75d534bb08b9ac8071f2ef) Importer(815301076,1909f56bfc062723c751e8b465ee728b)  -> (artifact id: '28c8e86715310aac1097cdf9eebbcde4') in 0.002772 seconds
  Import took 0.004996 seconds .

========================================================================
Received Import Request.
  Time since last request: 118.015499 seconds.
  path: Assets/Scripts/MouseOrbit.cs
  artifactKey: Guid(498b248390d95d6409bb58ae81e0fdfd) Importer(815301076,1909f56bfc062723c751e8b465ee728b)
Start importing Assets/Scripts/MouseOrbit.cs using Guid(498b248390d95d6409bb58ae81e0fdfd) Importer(815301076,1909f56bfc062723c751e8b465ee728b)  -> (artifact id: 'dda9c3735c50be90136a1a08d5af448c') in 0.010877 seconds
  Import took 0.013346 seconds .

========================================================================
Received Prepare
Registering precompiled user dll's ...
Registered in 0.000827 seconds.
Begin MonoManager ReloadAssembly
Native extension for WindowsStandalone target not found
Native extension for WebGL target not found
Refreshing native plugins compatible for Editor in 0.23 ms, found 0 plugins.
Preloading 0 native plugins for Editor in 0.00 ms.
Mono: successfully reloaded assembly
- Completed reload, in  0.764 seconds
Platform modules already initialized, skipping
Refreshing native plugins compatible for Editor in 0.18 ms, found 0 plugins.
Preloading 0 native plugins for Editor in 0.00 ms.
Unloading 1116 Unused Serialized files (Serialized files now loaded: 0)
System memory in use before: 57.2 MB.
System memory in use after: 57.2 MB.

Unloading 5 unused Assets to reduce memory usage. Loaded Objects now: 1566.
Total: 1.682700 ms (FindLiveObjects: 0.166700 ms CreateObjectMapping: 0.027100 ms MarkObjects: 1.422000 ms  DeleteObjects: 0.065700 ms)

========================================================================
Received Prepare
Registering precompiled user dll's ...
Registered in 0.000708 seconds.
Begin MonoManager ReloadAssembly
Native extension for WindowsStandalone target not found
Native extension for WebGL target not found
Refreshing native plugins compatible for Editor in 0.19 ms, found 0 plugins.
Preloading 0 native plugins for Editor in 0.00 ms.
Mono: successfully reloaded assembly
- Completed reload, in  0.821 seconds
Platform modules already initialized, skipping
Refreshing native plugins compatible for Editor in 0.18 ms, found 0 plugins.
Preloading 0 native plugins for Editor in 0.00 ms.
Unloading 1116 Unused Serialized files (Serialized files now loaded: 0)
System memory in use before: 57.2 MB.
System memory in use after: 57.3 MB.

Unloading 5 unused Assets to reduce memory usage. Loaded Objects now: 1569.
Total: 1.911200 ms (FindLiveObjects: 0.171900 ms CreateObjectMapping: 0.044000 ms MarkObjects: 1.604000 ms  DeleteObjects: 0.090200 ms)

========================================================================
Received Prepare
Registering precompiled user dll's ...
Registered in 0.000684 seconds.
Begin MonoManager ReloadAssembly
Native extension for WindowsStandalone target not found
Native extension for WebGL target not found
Refreshing native plugins compatible for Editor in 0.21 ms, found 0 plugins.
Preloading 0 native plugins for Editor in 0.00 ms.
Mono: successfully reloaded assembly
- Completed reload, in  0.834 seconds
Platform modules already initialized, skipping
Refreshing native plugins compatible for Editor in 0.34 ms, found 0 plugins.
Preloading 0 native plugins for Editor in 0.00 ms.
Unloading 1116 Unused Serialized files (Serialized files now loaded: 0)
System memory in use before: 57.2 MB.
System memory in use after: 57.3 MB.

Unloading 5 unused Assets to reduce memory usage. Loaded Objects now: 1572.
Total: 1.782300 ms (FindLiveObjects: 0.140600 ms CreateObjectMapping: 0.038100 ms MarkObjects: 1.519800 ms  DeleteObjects: 0.082800 ms)

========================================================================
Received Prepare
Registering precompiled user dll's ...
Registered in 0.000743 seconds.
Begin MonoManager ReloadAssembly
Native extension for WindowsStandalone target not found
Native extension for WebGL target not found
Refreshing native plugins compatible for Editor in 0.24 ms, found 0 plugins.
Preloading 0 native plugins for Editor in 0.00 ms.
Mono: successfully reloaded assembly
- Completed reload, in  0.828 seconds
Platform modules already initialized, skipping
Refreshing native plugins compatible for Editor in 0.21 ms, found 0 plugins.
Preloading 0 native plugins for Editor in 0.00 ms.
Unloading 1116 Unused Serialized files (Serialized files now loaded: 0)
System memory in use before: 57.2 MB.
System memory in use after: 57.3 MB.

Unloading 5 unused Assets to reduce memory usage. Loaded Objects now: 1575.
Total: 1.847800 ms (FindLiveObjects: 0.143100 ms CreateObjectMapping: 0.037500 ms MarkObjects: 1.586500 ms  DeleteObjects: 0.079700 ms)

========================================================================
Received Prepare
Registering precompiled user dll's ...
Registered in 0.000736 seconds.
Begin MonoManager ReloadAssembly
Native extension for WindowsStandalone target not found
Native extension for WebGL target not found
Refreshing native plugins compatible for Editor in 0.28 ms, found 0 plugins.
Preloading 0 native plugins for Editor in 0.00 ms.
Mono: successfully reloaded assembly
- Completed reload, in  0.823 seconds
Platform modules already initialized, skipping
Refreshing native plugins compatible for Editor in 0.24 ms, found 0 plugins.
Preloading 0 native plugins for Editor in 0.00 ms.
Unloading 1116 Unused Serialized files (Serialized files now loaded: 0)
System memory in use before: 57.3 MB.
System memory in use after: 57.4 MB.

Unloading 5 unused Assets to reduce memory usage. Loaded Objects now: 1578.
Total: 1.807200 ms (FindLiveObjects: 0.129200 ms CreateObjectMapping: 0.080700 ms MarkObjects: 1.514700 ms  DeleteObjects: 0.081600 ms)

========================================================================
Received Prepare
Registering precompiled user dll's ...
Registered in 0.000886 seconds.
Begin MonoManager ReloadAssembly
Native extension for WindowsStandalone target not found
Native extension for WebGL target not found
Refreshing native plugins compatible for Editor in 0.32 ms, found 0 plugins.
Preloading 0 native plugins for Editor in 0.00 ms.
Mono: successfully reloaded assembly
- Completed reload, in  0.818 seconds
Platform modules already initialized, skipping
Refreshing native plugins compatible for Editor in 0.46 ms, found 0 plugins.
Preloading 0 native plugins for Editor in 0.00 ms.
Unloading 1116 Unused Serialized files (Serialized files now loaded: 0)
System memory in use before: 57.3 MB.
System memory in use after: 57.4 MB.

Unloading 5 unused Assets to reduce memory usage. Loaded Objects now: 1581.
Total: 1.789500 ms (FindLiveObjects: 0.186000 ms CreateObjectMapping: 0.037300 ms MarkObjects: 1.503400 ms  DeleteObjects: 0.061500 ms)

========================================================================
Received Prepare
Registering precompiled user dll's ...
Registered in 0.000966 seconds.
Begin MonoManager ReloadAssembly
Native extension for WindowsStandalone target not found
Native extension for WebGL target not found
Refreshing native plugins compatible for Editor in 0.20 ms, found 0 plugins.
Preloading 0 native plugins for Editor in 0.00 ms.
Mono: successfully reloaded assembly
- Completed reload, in  0.835 seconds
Platform modules already initialized, skipping
Refreshing native plugins compatible for Editor in 0.23 ms, found 0 plugins.
Preloading 0 native plugins for Editor in 0.00 ms.
Unloading 1116 Unused Serialized files (Serialized files now loaded: 0)
System memory in use before: 57.3 MB.
System memory in use after: 57.4 MB.

Unloading 5 unused Assets to reduce memory usage. Loaded Objects now: 1584.
Total: 2.434700 ms (FindLiveObjects: 0.303700 ms CreateObjectMapping: 0.108200 ms MarkObjects: 1.935100 ms  DeleteObjects: 0.086100 ms)

========================================================================
Received Prepare
Registering precompiled user dll's ...
Registered in 0.000839 seconds.
Begin MonoManager ReloadAssembly
Native extension for WindowsStandalone target not found
Native extension for WebGL target not found
Refreshing native plugins compatible for Editor in 0.18 ms, found 0 plugins.
Preloading 0 native plugins for Editor in 0.00 ms.
Mono: successfully reloaded assembly
- Completed reload, in  0.780 seconds
Platform modules already initialized, skipping
Refreshing native plugins compatible for Editor in 0.26 ms, found 0 plugins.
Preloading 0 native plugins for Editor in 0.00 ms.
Unloading 1116 Unused Serialized files (Serialized files now loaded: 0)
System memory in use before: 57.3 MB.
System memory in use after: 57.4 MB.

Unloading 5 unused Assets to reduce memory usage. Loaded Objects now: 1587.
Total: 2.175200 ms (FindLiveObjects: 0.222100 ms CreateObjectMapping: 0.037500 ms MarkObjects: 1.850800 ms  DeleteObjects: 0.063200 ms)

========================================================================
Received Import Request.
  Time since last request: 664.124564 seconds.
  path: Assets/Materials/New Physic Material.physicMaterial
  artifactKey: Guid(0204ca0fe03c2174487a0f445f926da3) Importer(815301076,1909f56bfc062723c751e8b465ee728b)
Start importing Assets/Materials/New Physic Material.physicMaterial using Guid(0204ca0fe03c2174487a0f445f926da3) Importer(815301076,1909f56bfc062723c751e8b465ee728b)  -> (artifact id: '9cf205a8bb55706a8868b8bc5a518502') in 0.021441 seconds
  Import took 0.023829 seconds .

========================================================================
Received Import Request.
  Time since last request: 8.774257 seconds.
  path: Assets/Materials/New Physic Material.physicMaterial
  artifactKey: Guid(0204ca0fe03c2174487a0f445f926da3) Importer(815301076,1909f56bfc062723c751e8b465ee728b)
Start importing Assets/Materials/New Physic Material.physicMaterial using Guid(0204ca0fe03c2174487a0f445f926da3) Importer(815301076,1909f56bfc062723c751e8b465ee728b)  -> (artifact id: '967f5b1045b3d83c21902c36cbece03d') in 0.004441 seconds
  Import took 0.007197 seconds .

========================================================================
Received Import Request.
  Time since last request: 0.006678 seconds.
  path: Assets/Materials/New Physic Material.physicMaterial
  artifactKey: Guid(0204ca0fe03c2174487a0f445f926da3) Importer(815301076,1909f56bfc062723c751e8b465ee728b)
Start importing Assets/Materials/New Physic Material.physicMaterial using Guid(0204ca0fe03c2174487a0f445f926da3) Importer(815301076,1909f56bfc062723c751e8b465ee728b)  -> (artifact id: '967f5b1045b3d83c21902c36cbece03d') in 0.004645 seconds
  Import took 0.007377 seconds .

========================================================================
Received Import Request.
  Time since last request: 45.326467 seconds.
  path: Assets/Materials/Ball.physicMaterial
  artifactKey: Guid(71c299e58571a494f9093ce19b2b3bd0) Importer(815301076,1909f56bfc062723c751e8b465ee728b)
Start importing Assets/Materials/Ball.physicMaterial using Guid(71c299e58571a494f9093ce19b2b3bd0) Importer(815301076,1909f56bfc062723c751e8b465ee728b)  -> (artifact id: 'ccca46cbfdf2f9e9a768da32b715e127') in 0.008225 seconds
  Import took 0.010478 seconds .

========================================================================
Received Prepare
Registering precompiled user dll's ...
Registered in 0.000782 seconds.
Begin MonoManager ReloadAssembly
Native extension for WindowsStandalone target not found
Native extension for WebGL target not found
Refreshing native plugins compatible for Editor in 0.20 ms, found 0 plugins.
Preloading 0 native plugins for Editor in 0.00 ms.
Mono: successfully reloaded assembly
- Completed reload, in  0.750 seconds
Platform modules already initialized, skipping
Refreshing native plugins compatible for Editor in 0.31 ms, found 0 plugins.
Preloading 0 native plugins for Editor in 0.00 ms.
Unloading 1116 Unused Serialized files (Serialized files now loaded: 0)
System memory in use before: 57.3 MB.
System memory in use after: 57.4 MB.

Unloading 5 unused Assets to reduce memory usage. Loaded Objects now: 1590.
Total: 1.879600 ms (FindLiveObjects: 0.142500 ms CreateObjectMapping: 0.033900 ms MarkObjects: 1.578400 ms  DeleteObjects: 0.123900 ms)

========================================================================
Received Prepare
Registering precompiled user dll's ...
Registered in 0.000825 seconds.
Begin MonoManager ReloadAssembly
Native extension for WindowsStandalone target not found
Native extension for WebGL target not found
Refreshing native plugins compatible for Editor in 0.34 ms, found 0 plugins.
Preloading 0 native plugins for Editor in 0.00 ms.
Mono: successfully reloaded assembly
- Completed reload, in  0.844 seconds
Platform modules already initialized, skipping
Refreshing native plugins compatible for Editor in 0.19 ms, found 0 plugins.
Preloading 0 native plugins for Editor in 0.00 ms.
Unloading 1116 Unused Serialized files (Serialized files now loaded: 0)
System memory in use before: 57.4 MB.
System memory in use after: 57.4 MB.

Unloading 5 unused Assets to reduce memory usage. Loaded Objects now: 1593.
Total: 2.334900 ms (FindLiveObjects: 0.151600 ms CreateObjectMapping: 0.040200 ms MarkObjects: 2.048000 ms  DeleteObjects: 0.093900 ms)

========================================================================
Received Import Request.
  Time since last request: 899.486369 seconds.
  path: Assets/Materials/New Physic Material.physicMaterial
  artifactKey: Guid(0204ca0fe03c2174487a0f445f926da3) Importer(815301076,1909f56bfc062723c751e8b465ee728b)
Start importing Assets/Materials/New Physic Material.physicMaterial using Guid(0204ca0fe03c2174487a0f445f926da3) Importer(815301076,1909f56bfc062723c751e8b465ee728b)  -> (artifact id: 'e779c36353f984b07c23b9b273d649fb') in 0.010946 seconds
  Import took 0.013098 seconds .

AssetImportWorkerClient::OnTransportError - code=2 error=End of file
